<?xml version="1.0" encoding="UTF-8"?>
<!-- Generated by org.testng.reporters.JUnitXMLReporter -->
<testsuite ignored="0" hostname="Evgenijs-MacBook-Air.local" failures="2" tests="5" name="BankingApp Test" time="56.024" errors="0" timestamp="01 Sep 2020 03:33:23 GMT">
  <testcase classname="com.inetBanking.testCases.TC_LoginTest_001" name="logInTest" time="4.586"/>
  <testcase classname="com.inetBanking.testCases.TC_LoginDDT_002DP" name="testMethod" time="10.037"/>
  <testcase classname="com.inetBanking.testCases.TC_LoginDDT_002DP" name="testMethod" time="4.377">
    <failure type="java.lang.AssertionError" message="expected [true] but found [false]">
      <![CDATA[java.lang.AssertionError: expected [true] but found [false]
at com.inetBanking.testCases.TC_LoginDDT_002DP.testMethod(TC_LoginDDT_002DP.java:27)
... Removed 29 stack frames]]>
    </failure>
  </testcase> <!-- testMethod -->
  <testcase classname="com.inetBanking.testCases.TC_LoginDDT_002DP" name="testMethod" time="4.137">
    <failure type="java.lang.AssertionError" message="expected [true] but found [false]">
      <![CDATA[java.lang.AssertionError: expected [true] but found [false]
at com.inetBanking.testCases.TC_LoginDDT_002DP.testMethod(TC_LoginDDT_002DP.java:27)
... Removed 29 stack frames]]>
    </failure>
  </testcase> <!-- testMethod -->
  <testcase classname="com.inetBanking.testCases.TC_AddCustomerTest_003" name="addNewCustomer" time="16.256"/>
</testsuite> <!-- BankingApp Test -->
